<?xml version="1.0" encoding="UTF-8"?>
<testsuite xmlns:xsi="http://www.w3.org/2001/XMLSchema-instance" xsi:noNamespaceSchemaLocation="https://maven.apache.org/surefire/maven-surefire-plugin/xsd/surefire-test-report.xsd" name="es.ull.passengers.PassengerTest" time="0.003" tests="3" errors="0" skipped="0" failures="0">
  <properties>
    <property name="java.specification.version" value="17"/>
    <property name="sun.cpu.isalist" value="amd64"/>
    <property name="sun.jnu.encoding" value="Cp1252"/>
    <property name="java.class.path" value="C:\Users\alu0101221953\Downloads\Airport\target\test-classes;C:\Users\alu0101221953\Downloads\Airport\target\classes;C:\Users\alu0101221953\.m2\repository\org\junit\jupiter\junit-jupiter-api\5.6.0\junit-jupiter-api-5.6.0.jar;C:\Users\alu0101221953\.m2\repository\org\apiguardian\apiguardian-api\1.1.0\apiguardian-api-1.1.0.jar;C:\Users\alu0101221953\.m2\repository\org\opentest4j\opentest4j\1.2.0\opentest4j-1.2.0.jar;C:\Users\alu0101221953\.m2\repository\org\junit\platform\junit-platform-commons\1.6.0\junit-platform-commons-1.6.0.jar;C:\Users\alu0101221953\.m2\repository\org\junit\jupiter\junit-jupiter-engine\5.6.0\junit-jupiter-engine-5.6.0.jar;C:\Users\alu0101221953\.m2\repository\org\junit\platform\junit-platform-engine\1.6.0\junit-platform-engine-1.6.0.jar;"/>
    <property name="java.vm.vendor" value="Oracle Corporation"/>
    <property name="sun.arch.data.model" value="64"/>
    <property name="user.variant" value=""/>
    <property name="java.vendor.url" value="https://java.oracle.com/"/>
    <property name="user.timezone" value="Atlantic/Canary"/>
    <property name="os.name" value="Windows 10"/>
    <property name="java.vm.specification.version" value="17"/>
    <property name="sun.java.launcher" value="SUN_STANDARD"/>
    <property name="user.country" value="ES"/>
    <property name="sun.boot.library.path" value="C:\Program Files\Java\jdk-17.0.5\bin"/>
    <property name="sun.java.command" value="C:\Users\ALE0F7~1\AppData\Local\Temp\surefire3073834134946788377\surefirebooter2772643939314268985.jar C:\Users\alu0101221953\AppData\Local\Temp\surefire3073834134946788377 2023-11-24T11-50-36_450-jvmRun1 surefire9090518913585095223tmp surefire_015553572285690207045tmp"/>
    <property name="jdk.debug" value="release"/>
    <property name="surefire.test.class.path" value="C:\Users\alu0101221953\Downloads\Airport\target\test-classes;C:\Users\alu0101221953\Downloads\Airport\target\classes;C:\Users\alu0101221953\.m2\repository\org\junit\jupiter\junit-jupiter-api\5.6.0\junit-jupiter-api-5.6.0.jar;C:\Users\alu0101221953\.m2\repository\org\apiguardian\apiguardian-api\1.1.0\apiguardian-api-1.1.0.jar;C:\Users\alu0101221953\.m2\repository\org\opentest4j\opentest4j\1.2.0\opentest4j-1.2.0.jar;C:\Users\alu0101221953\.m2\repository\org\junit\platform\junit-platform-commons\1.6.0\junit-platform-commons-1.6.0.jar;C:\Users\alu0101221953\.m2\repository\org\junit\jupiter\junit-jupiter-engine\5.6.0\junit-jupiter-engine-5.6.0.jar;C:\Users\alu0101221953\.m2\repository\org\junit\platform\junit-platform-engine\1.6.0\junit-platform-engine-1.6.0.jar;"/>
    <property name="sun.cpu.endian" value="little"/>
    <property name="user.home" value="C:\Users\alu0101221953"/>
    <property name="user.language" value="es"/>
    <property name="java.specification.vendor" value="Oracle Corporation"/>
    <property name="java.version.date" value="2022-10-18"/>
    <property name="java.home" value="C:\Program Files\Java\jdk-17.0.5"/>
    <property name="file.separator" value="\"/>
    <property name="basedir" value="C:\Users\alu0101221953\Downloads\Airport"/>
    <property name="java.vm.compressedOopsMode" value="32-bit"/>
    <property name="line.separator" value="&#10;"/>
    <property name="java.vm.specification.vendor" value="Oracle Corporation"/>
    <property name="java.specification.name" value="Java Platform API Specification"/>
    <property name="surefire.real.class.path" value="C:\Users\ALE0F7~1\AppData\Local\Temp\surefire3073834134946788377\surefirebooter2772643939314268985.jar"/>
    <property name="user.script" value=""/>
    <property name="sun.management.compiler" value="HotSpot 64-Bit Tiered Compilers"/>
    <property name="java.runtime.version" value="17.0.5+9-LTS-191"/>
    <property name="user.name" value="alu0101221953"/>
    <property name="path.separator" value=";"/>
    <property name="os.version" value="10.0"/>
    <property name="java.runtime.name" value="Java(TM) SE Runtime Environment"/>
    <property name="file.encoding" value="Cp1252"/>
    <property name="java.vm.name" value="Java HotSpot(TM) 64-Bit Server VM"/>
    <property name="localRepository" value="C:\Users\alu0101221953\.m2\repository"/>
    <property name="java.vendor.url.bug" value="https://bugreport.java.com/bugreport/"/>
    <property name="java.io.tmpdir" value="C:\Users\ALE0F7~1\AppData\Local\Temp\"/>
    <property name="java.version" value="17.0.5"/>
    <property name="user.dir" value="C:\Users\alu0101221953\Downloads\Airport"/>
    <property name="os.arch" value="amd64"/>
    <property name="java.vm.specification.name" value="Java Virtual Machine Specification"/>
    <property name="sun.os.patch.level" value=""/>
    <property name="native.encoding" value="Cp1252"/>
    <property name="java.library.path" value="C:\Program Files\Java\jdk-17.0.5\bin;C:\WINDOWS\Sun\Java\bin;C:\WINDOWS\system32;C:\WINDOWS;C:\Program Files\Common Files\Oracle\Java\javapath;C:\Program Files\Java\jdk1.8.0_281\bin;C:\windows\system32;C:\OrCAD\OrCAD_10.3\tools\bin;C:\Program Files\Python310;C:\Program Files\Python310\Scripts;C:\Program Files (x86)\Python38-32\;C:\Program Files (x86)\Python38-32\Scripts;C:\Program Files\Python310;C:\Program Files\Python310\Scripts;C:\Program Files (x86)\Python38-32\;C:\Program Files (x86)\Python38-32\Scripts;C:\Program Files\Java\jdk-17.0.5\bin;C:\Program Files\Python310;C:\Program Files\Python310\Scripts;C:\Program Files (x86)\Python38-32\;C:\Program Files (x86)\Python38-32\Scripts;C:\Program Files\Python310;C:\Program Files\Python310\Scripts;C:\Program Files (x86)\Python38-32\;C:\Program Files (x86)\Python38-32\Scripts;C:\Program Files\Python310;C:\Program Files\Python310\Scripts;C:\Program Files (x86)\Python38-32\;C:\Program Files (x86)\Python38-32\Scripts;C:\Program Files\Python310;C:\Program Files\Python310\Scripts;C:\Program Files (x86)\Python38-32\;C:\Program Files (x86)\Python38-32\Scripts;C:\Program Files\Python310;C:\Program Files\Python310\Scripts;C:\Program Files (x86)\Python38-32\;C:\Program Files (x86)\Python38-32\Scripts;C:\MinGW\git\cmd;C:\MinGW\bin;C:\Program Files\dotnet;C:\WINDOWS\System32\Wbem;C;C:\Program Files\Java\jdk-20\bin;C:\Program Files\dotnet\;C:\Program Files (x86)\Windows Kits\10\Windows Performance Toolkit\;C:\Program Files\Git\cmd;C:\Program Files\Git\bin;C:\Program Files\Git\bin\cmd;C:\Program Files\Microsoft VS Code\bin;C:\Windows\System32;C:\Program Files\Java\jre1.8.0_25\bin;C:\Users\alu0101221953\Downloads\apache-maven-3.9.5\bin;;."/>
    <property name="java.vm.info" value="mixed mode, sharing"/>
    <property name="java.vendor" value="Oracle Corporation"/>
    <property name="java.vm.version" value="17.0.5+9-LTS-191"/>
    <property name="sun.io.unicode.encoding" value="UnicodeLittle"/>
    <property name="java.class.version" value="61.0"/>
  </properties>
  <testcase name="testPassengerConstructorInvalidIdentifier" classname="es.ull.passengers.PassengerTest$PassengerConstructorTest" time="0"/>
  <testcase name="testPassengerConstructorInvalidCountryCode" classname="es.ull.passengers.PassengerTest$PassengerConstructorTest" time="0"/>
  <testcase name="testPassengerConstructor" classname="es.ull.passengers.PassengerTest$PassengerConstructorTest" time="0"/>
</testsuite>